<?xml version="1.0" encoding="UTF-8"?>
<!-- Generated by org.testng.reporters.JUnitReportReporter -->
<testsuite name="com.ingCapgemini.testngproject.FirstTest" tests="2" time="0.033" ignored="0" failures="0" timestamp="27 Aug 2017 07:37:49 GMT" skipped="0" hostname="Prakashs-PC" errors="0">
  <testcase name="f" time="0.031" classname="com.ingCapgemini.testngproject.FirstTest"/>
  <testcase name="f1" time="0.002" classname="com.ingCapgemini.testngproject.FirstTest"/>
</testsuite> <!-- com.ingCapgemini.testngproject.FirstTest -->
