<?xml version="1.0" encoding="UTF-8"?>
<!-- Generated by org.testng.reporters.JUnitReportReporter -->
<testsuite name="com.ingCapgemini.testngproject.test.LoginToApplication" tests="1" time="27.173" ignored="0" failures="0" timestamp="13 Sep 2017 07:06:56 GMT" skipped="0" hostname="m" errors="0">
  <testcase name="logintest" time="27.173" classname="com.ingCapgemini.testngproject.test.LoginToApplication"/>
</testsuite> <!-- com.ingCapgemini.testngproject.test.LoginToApplication -->
