<?xml version="1.0" encoding="UTF-8"?>
<!-- Generated by org.testng.reporters.JUnitReportReporter -->
<testsuite name="com.exalogic.myvilla.test.DataProviderLogin" tests="2" time="88.484" ignored="0" failures="0" timestamp="29 Sep 2017 05:20:48 GMT" skipped="0" hostname="m" errors="0">
  <testcase name="loginScenario" time="44.050" classname="com.exalogic.myvilla.test.DataProviderLogin"/>
  <testcase name="loginScenario" time="44.434" classname="com.exalogic.myvilla.test.DataProviderLogin"/>
</testsuite> <!-- com.exalogic.myvilla.test.DataProviderLogin -->
