<?xml version="1.0" encoding="UTF-8"?>
<!-- Generated by org.testng.reporters.JUnitReportReporter -->
<testsuite name="com.ingCapgemini.testngproject.test.SearchItem" tests="1" time="0.859" ignored="0" failures="0" timestamp="13 Sep 2017 07:06:56 GMT" skipped="1" hostname="m" errors="0">
  <testcase name="searchProduct" time="0.859" classname="com.ingCapgemini.testngproject.test.SearchItem">
    <skipped/>
  </testcase> <!-- searchProduct -->
</testsuite> <!-- com.ingCapgemini.testngproject.test.SearchItem -->
