<?xml version="1.0" encoding="UTF-8"?>
<!-- Generated by org.testng.reporters.JUnitReportReporter -->
<testsuite name="com.exalogic.myvilla.test.EndUserRegistration" tests="1" time="0.726" ignored="0" failures="0" timestamp="29 Sep 2017 05:20:48 GMT" skipped="1" hostname="m" errors="0">
  <testcase name="endUserRegistration" time="0.726" classname="com.exalogic.myvilla.test.EndUserRegistration">
    <skipped/>
  </testcase> <!-- endUserRegistration -->
</testsuite> <!-- com.exalogic.myvilla.test.EndUserRegistration -->
