<?xml version="1.0" encoding="UTF-8"?>
<!-- Generated by org.testng.reporters.JUnitReportReporter -->
<testsuite name="com.exalogic.myvilla.test.AgentRegistration" tests="1" time="0.064" ignored="0" failures="0" timestamp="29 Sep 2017 05:20:48 GMT" skipped="1" hostname="m" errors="0">
  <testcase name="clientRegistration" time="0.064" classname="com.exalogic.myvilla.test.AgentRegistration">
    <skipped/>
  </testcase> <!-- clientRegistration -->
</testsuite> <!-- com.exalogic.myvilla.test.AgentRegistration -->
