<?xml version="1.0" encoding="UTF-8"?>
<!-- Generated by org.testng.reporters.JUnitReportReporter -->
<testsuite name="com.exalogic.myvilla.test.LoginToApplication" tests="1" time="0.073" ignored="0" failures="0" timestamp="29 Sep 2017 05:20:48 GMT" skipped="1" hostname="m" errors="0">
  <testcase name="logintest" time="0.073" classname="com.exalogic.myvilla.test.LoginToApplication">
    <skipped/>
  </testcase> <!-- logintest -->
</testsuite> <!-- com.exalogic.myvilla.test.LoginToApplication -->
